<?xml version="1.0" encoding="UTF-8"?>
<testng-results ignored="0" total="2" passed="2" failed="0" skipped="0">
  <reporter-output>
  </reporter-output>
  <suite started-at="2023-01-19T17:56:25 CST" name="Suite" finished-at="2023-01-19T17:57:00 CST" duration-ms="35085">
    <groups>
    </groups>
    <test started-at="2023-01-19T17:56:25 CST" name="Test" finished-at="2023-01-19T17:57:00 CST" duration-ms="35085">
      <class name="com.testscenarios.PopupHandle">
        <test-method is-config="true" signature="beforeClass()[pri:0, instance:com.testscenarios.PopupHandle@1033576a]" started-at="2023-01-19T17:56:51 CST" name="beforeClass" finished-at="2023-01-19T17:56:52 CST" duration-ms="1003" status="PASS">
          <reporter-output>
          </reporter-output>
        </test-method> <!-- beforeClass -->
        <test-method signature="f()[pri:0, instance:com.testscenarios.PopupHandle@1033576a]" started-at="2023-01-19T17:56:52 CST" name="f" finished-at="2023-01-19T17:57:00 CST" duration-ms="7471" status="PASS">
          <reporter-output>
          </reporter-output>
        </test-method> <!-- f -->
        <test-method is-config="true" signature="afterMethod()[pri:0, instance:com.testscenarios.PopupHandle@1033576a]" started-at="2023-01-19T17:57:00 CST" name="afterMethod" finished-at="2023-01-19T17:57:00 CST" duration-ms="211" status="PASS">
          <reporter-output>
          </reporter-output>
        </test-method> <!-- afterMethod -->
        <test-method is-config="true" signature="afterClass()[pri:0, instance:com.testscenarios.PopupHandle@1033576a]" started-at="2023-01-19T17:57:00 CST" name="afterClass" finished-at="2023-01-19T17:57:00 CST" duration-ms="201" status="PASS">
          <reporter-output>
          </reporter-output>
        </test-method> <!-- afterClass -->
      </class> <!-- com.testscenarios.PopupHandle -->
      <class name="com.testscenarios.FB_Login">
        <test-method is-config="true" signature="url()[pri:0, instance:com.testscenarios.FB_Login@24569dba]" started-at="2023-01-19T17:56:25 CST" name="url" finished-at="2023-01-19T17:56:34 CST" duration-ms="9346" status="PASS">
          <reporter-output>
          </reporter-output>
        </test-method> <!-- url -->
        <test-method signature="f()[pri:0, instance:com.testscenarios.FB_Login@24569dba]" started-at="2023-01-19T17:56:34 CST" name="f" finished-at="2023-01-19T17:56:51 CST" duration-ms="16468" status="PASS">
          <reporter-output>
          </reporter-output>
        </test-method> <!-- f -->
        <test-method is-config="true" signature="afterMethod()[pri:0, instance:com.testscenarios.FB_Login@24569dba]" started-at="2023-01-19T17:56:51 CST" name="afterMethod" finished-at="2023-01-19T17:56:51 CST" duration-ms="143" status="PASS">
          <reporter-output>
          </reporter-output>
        </test-method> <!-- afterMethod -->
        <test-method is-config="true" signature="afterClass()[pri:0, instance:com.testscenarios.FB_Login@24569dba]" started-at="2023-01-19T17:56:51 CST" name="afterClass" finished-at="2023-01-19T17:56:51 CST" duration-ms="193" status="PASS">
          <reporter-output>
          </reporter-output>
        </test-method> <!-- afterClass -->
      </class> <!-- com.testscenarios.FB_Login -->
    </test> <!-- Test -->
  </suite> <!-- Suite -->
</testng-results>
